<?xml version="1.0" encoding="UTF-8"?>
<testng-results ignored="0" total="1" passed="1" failed="0" skipped="0">
  <reporter-output>
  </reporter-output>
  <suite started-at="2023-01-25T20:45:03 GMT+03:00" name="Default suite" finished-at="2023-01-25T20:45:43 GMT+03:00" duration-ms="39916">
    <groups>
    </groups>
    <test started-at="2023-01-25T20:45:03 GMT+03:00" name="Default test" finished-at="2023-01-25T20:45:43 GMT+03:00" duration-ms="39916">
      <class name="appium1.TC1">
        <test-method signature="test1()[pri:0, instance:appium1.TC1@6fdbe764]" started-at="2023-01-25T20:45:04 GMT+03:00" name="test1" finished-at="2023-01-25T20:45:43 GMT+03:00" duration-ms="39864" status="PASS">
          <reporter-output>
          </reporter-output>
        </test-method> <!-- test1 -->
      </class> <!-- appium1.TC1 -->
    </test> <!-- Default test -->
  </suite> <!-- Default suite -->
</testng-results>
